<?xml version="1.0" encoding="UTF-8"?>
<!-- Generated by org.testng.reporters.JUnitReportReporter -->
<testsuite skipped="0" hostname="Deepak-Sharma1" name="com.pfl.automation.org62.testcases.TestNGdependency" tests="2" failures="0" timestamp="26 Jun 2019 11:00:26 GMT" time="0.016" errors="0">
  <testcase name="secondmethod" time="0.013" classname="com.pfl.automation.org62.testcases.TestNGdependency"/>
  <testcase name="firstmethod" time="0.003" classname="com.pfl.automation.org62.testcases.TestNGdependency"/>
</testsuite> <!-- com.pfl.automation.org62.testcases.TestNGdependency -->
