<?xml version="1.0" encoding="UTF-8"?>
<!-- Generated by org.testng.reporters.JUnitReportReporter -->
<testsuite skipped="0" hostname="Deepak-Sharma1" name="com.pfl.automation.org62.testcases.ParameterizedTestNG" tests="1" failures="0" timestamp="26 Jun 2019 12:26:11 GMT" time="0.015" errors="0">
  <testcase name="browserName" time="0.015" classname="com.pfl.automation.org62.testcases.ParameterizedTestNG"/>
</testsuite> <!-- com.pfl.automation.org62.testcases.ParameterizedTestNG -->
