<?xml version="1.0" encoding="UTF-8"?>
<!-- Generated by org.testng.reporters.JUnitReportReporter -->
<testsuite skipped="0" hostname="Deepak-Sharma1" name="com.pfl.automation.org62.testcases.ParallelExecution" tests="1" failures="0" timestamp="26 Jun 2019 15:12:32 GMT" time="28.487" errors="0">
  <testcase name="getchromebrowser" time="28.487" classname="com.pfl.automation.org62.testcases.ParallelExecution"/>
</testsuite> <!-- com.pfl.automation.org62.testcases.ParallelExecution -->
