<?xml version="1.0" encoding="UTF-8"?>
<!-- Generated by org.testng.reporters.JUnitReportReporter -->
<testsuite skipped="0" hostname="Deepak-Sharma1" name="com.pfl.automation.org62.testcases.Windowhandle" tests="1" failures="0" timestamp="20 May 2019 05:05:10 GMT" time="14.904" errors="0">
  <testcase name="handlemultiplewindows" time="14.904" classname="com.pfl.automation.org62.testcases.Windowhandle"/>
</testsuite> <!-- com.pfl.automation.org62.testcases.Windowhandle -->
