<?xml version="1.0" encoding="UTF-8"?>
<!-- Generated by org.testng.reporters.JUnitReportReporter -->
<testsuite skipped="0" hostname="Deepak-Sharma1" name="com.pfl.automation.org62.testcases.TS02_Administration_verify_program" tests="1" failures="0" timestamp="05 Jul 2019 05:58:55 GMT" time="77.525" errors="0">
  <testcase name="TC01" time="77.525" classname="com.pfl.automation.org62.testcases.TS02_Administration_verify_program"/>
</testsuite> <!-- com.pfl.automation.org62.testcases.TS02_Administration_verify_program -->
