<?xml version="1.0" encoding="UTF-8"?>
<!-- Generated by org.testng.reporters.JUnitReportReporter -->
<testsuite skipped="0" hostname="Deepak-Sharma1" name="com.pfl.automation.org62.testcases.ParallelExecution1" tests="1" failures="0" timestamp="26 Jun 2019 15:12:32 GMT" time="22.993" errors="0">
  <testcase name="getchromebrowser" time="22.993" classname="com.pfl.automation.org62.testcases.ParallelExecution1"/>
</testsuite> <!-- com.pfl.automation.org62.testcases.ParallelExecution1 -->
