<?xml version="1.0" encoding="UTF-8"?>
<!-- Generated by org.testng.reporters.JUnitReportReporter -->
<testsuite skipped="0" hostname="Deepak-Sharma1" name="com.pfl.automation.org62.testcases.TS07_Administration_program_error_validation" tests="1" failures="0" timestamp="10 May 2019 10:01:13 GMT" time="188.140" errors="0">
  <testcase name="program_error_validation" time="188.140" classname="com.pfl.automation.org62.testcases.TS07_Administration_program_error_validation"/>
</testsuite> <!-- com.pfl.automation.org62.testcases.TS07_Administration_program_error_validation -->
