<?xml version="1.0" encoding="UTF-8"?>
<!-- Generated by org.testng.reporters.JUnitReportReporter -->
<testsuite skipped="0" hostname="Deepak-Sharma1" name="com.pfl.automation.org62.testcases.TS05_lightning" tests="3" failures="0" timestamp="11 May 2019 06:50:38 GMT" time="299.161" errors="0">
  <testcase name="TS05_DataSet_Creation" time="156.038" classname="com.pfl.automation.org62.testcases.TS05_lightning"/>
  <testcase name="TS05_verifying_send_swag_with_multiple_products" time="95.893" classname="com.pfl.automation.org62.testcases.TS05_lightning"/>
  <testcase name="TS05_DataSet_Reset" time="47.230" classname="com.pfl.automation.org62.testcases.TS05_lightning"/>
</testsuite> <!-- com.pfl.automation.org62.testcases.TS05_lightning -->
